================================================================================
EXPERIMENT LOG
================================================================================
Experiment: 10runs_model_comparison
Index: 038
Model: x-ai/grok-4.1-fast
Persona: neutral
Task Order: ['game']
Myth Topic ID: anything
Myth Topic: anything
================================================================================


================================================================================
TIMESTAMP: 2026-02-09 17:45:27
AGENT: Agent_1
MODEL: x-ai/grok-4.1-fast
================================================================================

PROMPT:
--------------------------------------------------------------------------------
Round 1: You are the INVESTOR. You have $5. How much do you send? (0-5)

--------------------------------------------------------------------------------

RESPONSE:
--------------------------------------------------------------------------------
{"send": 3}
--------------------------------------------------------------------------------

REASONING:
--------------------------------------------------------------------------------
[329 reasoning tokens used, but content not returned by API]
--------------------------------------------------------------------------------

USAGE:
--------------------------------------------------------------------------------
Input tokens: 418
Output tokens: 335
Reasoning tokens: 329
--------------------------------------------------------------------------------


================================================================================
TIMESTAMP: 2026-02-09 17:45:35
AGENT: Agent_2
MODEL: x-ai/grok-4.1-fast
================================================================================

PROMPT:
--------------------------------------------------------------------------------
Round 1: You are the TRUSTEE. Investor sent $3.0, that is 60.0% of its total endowment. You received $9.0. How much do you return? (0-9.0)

--------------------------------------------------------------------------------

RESPONSE:
--------------------------------------------------------------------------------
{"return": 4.5}
--------------------------------------------------------------------------------

REASONING:
--------------------------------------------------------------------------------
[679 reasoning tokens used, but content not returned by API]
--------------------------------------------------------------------------------

USAGE:
--------------------------------------------------------------------------------
Input tokens: 441
Output tokens: 687
Reasoning tokens: 679
--------------------------------------------------------------------------------


================================================================================
TIMESTAMP: 2026-02-09 17:45:45
AGENT: Agent_2
MODEL: x-ai/grok-4.1-fast
================================================================================

PROMPT:
--------------------------------------------------------------------------------
Round 2

You are the INVESTOR this round. Last round you were the TRUSTEE. The other player sent $3.0,
that was 60.0% of its total endowment. You received $9.0.
You returned $4.5. So your payoff was 4.5.
Your total earnings accross all rounds are $4.5.
How much do you send to the TRUSTEE this round? (0-5)

--------------------------------------------------------------------------------

RESPONSE:
--------------------------------------------------------------------------------
{"send": 3.0}
--------------------------------------------------------------------------------

REASONING:
--------------------------------------------------------------------------------
[764 reasoning tokens used, but content not returned by API]
--------------------------------------------------------------------------------

USAGE:
--------------------------------------------------------------------------------
Input tokens: 551
Output tokens: 772
Reasoning tokens: 764
--------------------------------------------------------------------------------


================================================================================
TIMESTAMP: 2026-02-09 17:45:55
AGENT: Agent_1
MODEL: x-ai/grok-4.1-fast
================================================================================

PROMPT:
--------------------------------------------------------------------------------
Round 2

You are the TRUSTEE this round. Last round you were the INVESTOR. The other player sent $3.0,
that was 60.0% of its total endowment. You received $9.0.
The other player returned $4.5. So your payoff was 6.5.
Your total earnings accross all rounds are $6.5.
How much do you return to the INVESTOR this round? (0-9.0)

--------------------------------------------------------------------------------

RESPONSE:
--------------------------------------------------------------------------------
{"return": 4.5}
--------------------------------------------------------------------------------

REASONING:
--------------------------------------------------------------------------------
[1007 reasoning tokens used, but content not returned by API]
--------------------------------------------------------------------------------

USAGE:
--------------------------------------------------------------------------------
Input tokens: 530
Output tokens: 1015
Reasoning tokens: 1007
--------------------------------------------------------------------------------


================================================================================
TIMESTAMP: 2026-02-09 17:46:05
AGENT: Agent_1
MODEL: x-ai/grok-4.1-fast
================================================================================

PROMPT:
--------------------------------------------------------------------------------
Round 3

You are the INVESTOR this round. Last round you were the TRUSTEE. The other player sent $3.0,
that was 60.0% of its total endowment. You received $9.0.
You returned $4.5. So your payoff was 4.5.
Your total earnings accross all rounds are $11.0.
How much do you send to the TRUSTEE this round? (0-5)

--------------------------------------------------------------------------------

RESPONSE:
--------------------------------------------------------------------------------
{"send": 3}
--------------------------------------------------------------------------------

REASONING:
--------------------------------------------------------------------------------
[1009 reasoning tokens used, but content not returned by API]
--------------------------------------------------------------------------------

USAGE:
--------------------------------------------------------------------------------
Input tokens: 640
Output tokens: 1015
Reasoning tokens: 1009
--------------------------------------------------------------------------------


================================================================================
TIMESTAMP: 2026-02-09 17:46:13
AGENT: Agent_2
MODEL: x-ai/grok-4.1-fast
================================================================================

PROMPT:
--------------------------------------------------------------------------------
Round 3

You are the TRUSTEE this round. Last round you were the INVESTOR. The other player sent $3.0,
that was 60.0% of its total endowment. You received $9.0.
The other player returned $4.5. So your payoff was 6.5.
Your total earnings accross all rounds are $11.0.
How much do you return to the INVESTOR this round? (0-9.0)

--------------------------------------------------------------------------------

RESPONSE:
--------------------------------------------------------------------------------
{"return": 4.5}
--------------------------------------------------------------------------------

REASONING:
--------------------------------------------------------------------------------
[821 reasoning tokens used, but content not returned by API]
--------------------------------------------------------------------------------

USAGE:
--------------------------------------------------------------------------------
Input tokens: 665
Output tokens: 829
Reasoning tokens: 821
--------------------------------------------------------------------------------


================================================================================
TIMESTAMP: 2026-02-09 17:46:19
AGENT: Agent_2
MODEL: x-ai/grok-4.1-fast
================================================================================

PROMPT:
--------------------------------------------------------------------------------
Round 4

You are the INVESTOR this round. Last round you were the TRUSTEE. The other player sent $3.0,
that was 60.0% of its total endowment. You received $9.0.
You returned $4.5. So your payoff was 4.5.
Your total earnings accross all rounds are $15.5.
How much do you send to the TRUSTEE this round? (0-5)

--------------------------------------------------------------------------------

RESPONSE:
--------------------------------------------------------------------------------
{"send": 3.0}
--------------------------------------------------------------------------------

REASONING:
--------------------------------------------------------------------------------
[529 reasoning tokens used, but content not returned by API]
--------------------------------------------------------------------------------

USAGE:
--------------------------------------------------------------------------------
Input tokens: 775
Output tokens: 537
Reasoning tokens: 529
--------------------------------------------------------------------------------


================================================================================
TIMESTAMP: 2026-02-09 17:46:35
AGENT: Agent_1
MODEL: x-ai/grok-4.1-fast
================================================================================

PROMPT:
--------------------------------------------------------------------------------
Round 4

You are the TRUSTEE this round. Last round you were the INVESTOR. The other player sent $3.0,
that was 60.0% of its total endowment. You received $9.0.
The other player returned $4.5. So your payoff was 6.5.
Your total earnings accross all rounds are $17.5.
How much do you return to the INVESTOR this round? (0-9.0)

--------------------------------------------------------------------------------

RESPONSE:
--------------------------------------------------------------------------------
{"return": 4.5}
--------------------------------------------------------------------------------

REASONING:
--------------------------------------------------------------------------------
[1573 reasoning tokens used, but content not returned by API]
--------------------------------------------------------------------------------

USAGE:
--------------------------------------------------------------------------------
Input tokens: 752
Output tokens: 1581
Reasoning tokens: 1573
--------------------------------------------------------------------------------


================================================================================
TIMESTAMP: 2026-02-09 17:46:39
AGENT: Agent_1
MODEL: x-ai/grok-4.1-fast
================================================================================

PROMPT:
--------------------------------------------------------------------------------
Round 5

You are the INVESTOR this round. Last round you were the TRUSTEE. The other player sent $3.0,
that was 60.0% of its total endowment. You received $9.0.
You returned $4.5. So your payoff was 4.5.
Your total earnings accross all rounds are $22.0.
How much do you send to the TRUSTEE this round? (0-5)

--------------------------------------------------------------------------------

RESPONSE:
--------------------------------------------------------------------------------
{"send": 3}
--------------------------------------------------------------------------------

REASONING:
--------------------------------------------------------------------------------
[360 reasoning tokens used, but content not returned by API]
--------------------------------------------------------------------------------

USAGE:
--------------------------------------------------------------------------------
Input tokens: 822
Output tokens: 366
Reasoning tokens: 360
--------------------------------------------------------------------------------


================================================================================
TIMESTAMP: 2026-02-09 17:46:45
AGENT: Agent_2
MODEL: x-ai/grok-4.1-fast
================================================================================

PROMPT:
--------------------------------------------------------------------------------
Round 5

You are the TRUSTEE this round. Last round you were the INVESTOR. The other player sent $3.0,
that was 60.0% of its total endowment. You received $9.0.
The other player returned $4.5. So your payoff was 6.5.
Your total earnings accross all rounds are $22.0.
How much do you return to the INVESTOR this round? (0-9.0)

--------------------------------------------------------------------------------

RESPONSE:
--------------------------------------------------------------------------------
{"return": 4.5}
--------------------------------------------------------------------------------

REASONING:
--------------------------------------------------------------------------------
[559 reasoning tokens used, but content not returned by API]
--------------------------------------------------------------------------------

USAGE:
--------------------------------------------------------------------------------
Input tokens: 824
Output tokens: 567
Reasoning tokens: 559
--------------------------------------------------------------------------------


================================================================================
TIMESTAMP: 2026-02-09 17:46:55
AGENT: Agent_2
MODEL: x-ai/grok-4.1-fast
================================================================================

PROMPT:
--------------------------------------------------------------------------------
Round 6

You are the INVESTOR this round. Last round you were the TRUSTEE. The other player sent $3.0,
that was 60.0% of its total endowment. You received $9.0.
You returned $4.5. So your payoff was 4.5.
Your total earnings accross all rounds are $26.5.
How much do you send to the TRUSTEE this round? (0-5)

--------------------------------------------------------------------------------

RESPONSE:
--------------------------------------------------------------------------------
{"send": 3.0}
--------------------------------------------------------------------------------

REASONING:
--------------------------------------------------------------------------------
[963 reasoning tokens used, but content not returned by API]
--------------------------------------------------------------------------------

USAGE:
--------------------------------------------------------------------------------
Input tokens: 824
Output tokens: 971
Reasoning tokens: 963
--------------------------------------------------------------------------------


================================================================================
TIMESTAMP: 2026-02-09 17:47:02
AGENT: Agent_1
MODEL: x-ai/grok-4.1-fast
================================================================================

PROMPT:
--------------------------------------------------------------------------------
Round 6

You are the TRUSTEE this round. Last round you were the INVESTOR. The other player sent $3.0,
that was 60.0% of its total endowment. You received $9.0.
The other player returned $4.5. So your payoff was 6.5.
Your total earnings accross all rounds are $28.5.
How much do you return to the INVESTOR this round? (0-9.0)

--------------------------------------------------------------------------------

RESPONSE:
--------------------------------------------------------------------------------
{"return": 4.5}
--------------------------------------------------------------------------------

REASONING:
--------------------------------------------------------------------------------
[532 reasoning tokens used, but content not returned by API]
--------------------------------------------------------------------------------

USAGE:
--------------------------------------------------------------------------------
Input tokens: 820
Output tokens: 540
Reasoning tokens: 532
--------------------------------------------------------------------------------


================================================================================
TIMESTAMP: 2026-02-09 17:47:12
AGENT: Agent_1
MODEL: x-ai/grok-4.1-fast
================================================================================

PROMPT:
--------------------------------------------------------------------------------
Round 7

You are the INVESTOR this round. Last round you were the TRUSTEE. The other player sent $3.0,
that was 60.0% of its total endowment. You received $9.0.
You returned $4.5. So your payoff was 4.5.
Your total earnings accross all rounds are $33.0.
How much do you send to the TRUSTEE this round? (0-5)

--------------------------------------------------------------------------------

RESPONSE:
--------------------------------------------------------------------------------
{"send": 3}
--------------------------------------------------------------------------------

REASONING:
--------------------------------------------------------------------------------
[953 reasoning tokens used, but content not returned by API]
--------------------------------------------------------------------------------

USAGE:
--------------------------------------------------------------------------------
Input tokens: 822
Output tokens: 959
Reasoning tokens: 953
--------------------------------------------------------------------------------


================================================================================
TIMESTAMP: 2026-02-09 17:47:22
AGENT: Agent_2
MODEL: x-ai/grok-4.1-fast
================================================================================

PROMPT:
--------------------------------------------------------------------------------
Round 7

You are the TRUSTEE this round. Last round you were the INVESTOR. The other player sent $3.0,
that was 60.0% of its total endowment. You received $9.0.
The other player returned $4.5. So your payoff was 6.5.
Your total earnings accross all rounds are $33.0.
How much do you return to the INVESTOR this round? (0-9.0)

--------------------------------------------------------------------------------

RESPONSE:
--------------------------------------------------------------------------------
{"return": 4.5}
--------------------------------------------------------------------------------

REASONING:
--------------------------------------------------------------------------------
[1073 reasoning tokens used, but content not returned by API]
--------------------------------------------------------------------------------

USAGE:
--------------------------------------------------------------------------------
Input tokens: 824
Output tokens: 1081
Reasoning tokens: 1073
--------------------------------------------------------------------------------


================================================================================
TIMESTAMP: 2026-02-09 17:47:29
AGENT: Agent_2
MODEL: x-ai/grok-4.1-fast
================================================================================

PROMPT:
--------------------------------------------------------------------------------
Round 8

You are the INVESTOR this round. Last round you were the TRUSTEE. The other player sent $3.0,
that was 60.0% of its total endowment. You received $9.0.
You returned $4.5. So your payoff was 4.5.
Your total earnings accross all rounds are $37.5.
How much do you send to the TRUSTEE this round? (0-5)

--------------------------------------------------------------------------------

RESPONSE:
--------------------------------------------------------------------------------
{"send": 3.0}
--------------------------------------------------------------------------------

REASONING:
--------------------------------------------------------------------------------
[602 reasoning tokens used, but content not returned by API]
--------------------------------------------------------------------------------

USAGE:
--------------------------------------------------------------------------------
Input tokens: 824
Output tokens: 610
Reasoning tokens: 602
--------------------------------------------------------------------------------


================================================================================
TIMESTAMP: 2026-02-09 17:47:33
AGENT: Agent_1
MODEL: x-ai/grok-4.1-fast
================================================================================

PROMPT:
--------------------------------------------------------------------------------
Round 8

You are the TRUSTEE this round. Last round you were the INVESTOR. The other player sent $3.0,
that was 60.0% of its total endowment. You received $9.0.
The other player returned $4.5. So your payoff was 6.5.
Your total earnings accross all rounds are $39.5.
How much do you return to the INVESTOR this round? (0-9.0)

--------------------------------------------------------------------------------

RESPONSE:
--------------------------------------------------------------------------------
{"return": 4.5}
--------------------------------------------------------------------------------

REASONING:
--------------------------------------------------------------------------------
[370 reasoning tokens used, but content not returned by API]
--------------------------------------------------------------------------------

USAGE:
--------------------------------------------------------------------------------
Input tokens: 820
Output tokens: 378
Reasoning tokens: 370
--------------------------------------------------------------------------------


================================================================================
TIMESTAMP: 2026-02-09 17:47:45
AGENT: Agent_1
MODEL: x-ai/grok-4.1-fast
================================================================================

PROMPT:
--------------------------------------------------------------------------------
Round 9

You are the INVESTOR this round. Last round you were the TRUSTEE. The other player sent $3.0,
that was 60.0% of its total endowment. You received $9.0.
You returned $4.5. So your payoff was 4.5.
Your total earnings accross all rounds are $44.0.
How much do you send to the TRUSTEE this round? (0-5)

--------------------------------------------------------------------------------

RESPONSE:
--------------------------------------------------------------------------------
{"send": 3}
--------------------------------------------------------------------------------

REASONING:
--------------------------------------------------------------------------------
[1090 reasoning tokens used, but content not returned by API]
--------------------------------------------------------------------------------

USAGE:
--------------------------------------------------------------------------------
Input tokens: 822
Output tokens: 1096
Reasoning tokens: 1090
--------------------------------------------------------------------------------


================================================================================
TIMESTAMP: 2026-02-09 17:47:52
AGENT: Agent_2
MODEL: x-ai/grok-4.1-fast
================================================================================

PROMPT:
--------------------------------------------------------------------------------
Round 9

You are the TRUSTEE this round. Last round you were the INVESTOR. The other player sent $3.0,
that was 60.0% of its total endowment. You received $9.0.
The other player returned $4.5. So your payoff was 6.5.
Your total earnings accross all rounds are $44.0.
How much do you return to the INVESTOR this round? (0-9.0)

--------------------------------------------------------------------------------

RESPONSE:
--------------------------------------------------------------------------------
{"return": 4.5}
--------------------------------------------------------------------------------

REASONING:
--------------------------------------------------------------------------------
[757 reasoning tokens used, but content not returned by API]
--------------------------------------------------------------------------------

USAGE:
--------------------------------------------------------------------------------
Input tokens: 824
Output tokens: 765
Reasoning tokens: 757
--------------------------------------------------------------------------------


================================================================================
TIMESTAMP: 2026-02-09 17:47:59
AGENT: Agent_2
MODEL: x-ai/grok-4.1-fast
================================================================================

PROMPT:
--------------------------------------------------------------------------------
Round 10

You are the INVESTOR this round. Last round you were the TRUSTEE. The other player sent $3.0,
that was 60.0% of its total endowment. You received $9.0.
You returned $4.5. So your payoff was 4.5.
Your total earnings accross all rounds are $48.5.
How much do you send to the TRUSTEE this round? (0-5)

--------------------------------------------------------------------------------

RESPONSE:
--------------------------------------------------------------------------------
{"send": 3.0}
--------------------------------------------------------------------------------

REASONING:
--------------------------------------------------------------------------------
[852 reasoning tokens used, but content not returned by API]
--------------------------------------------------------------------------------

USAGE:
--------------------------------------------------------------------------------
Input tokens: 824
Output tokens: 860
Reasoning tokens: 852
--------------------------------------------------------------------------------


================================================================================
TIMESTAMP: 2026-02-09 17:48:02
AGENT: Agent_1
MODEL: x-ai/grok-4.1-fast
================================================================================

PROMPT:
--------------------------------------------------------------------------------
Round 10

You are the TRUSTEE this round. Last round you were the INVESTOR. The other player sent $3.0,
that was 60.0% of its total endowment. You received $9.0.
The other player returned $4.5. So your payoff was 6.5.
Your total earnings accross all rounds are $50.5.
How much do you return to the INVESTOR this round? (0-9.0)

--------------------------------------------------------------------------------

RESPONSE:
--------------------------------------------------------------------------------
{"return": 4.5}
--------------------------------------------------------------------------------

REASONING:
--------------------------------------------------------------------------------
[278 reasoning tokens used, but content not returned by API]
--------------------------------------------------------------------------------

USAGE:
--------------------------------------------------------------------------------
Input tokens: 820
Output tokens: 286
Reasoning tokens: 278
--------------------------------------------------------------------------------


================================================================================
TIMESTAMP: 2026-02-09 17:48:06
AGENT: Agent_1
MODEL: x-ai/grok-4.1-fast
================================================================================

PROMPT:
--------------------------------------------------------------------------------
Round 11

You are the INVESTOR this round. Last round you were the TRUSTEE. The other player sent $3.0,
that was 60.0% of its total endowment. You received $9.0.
You returned $4.5. So your payoff was 4.5.
Your total earnings accross all rounds are $55.0.
How much do you send to the TRUSTEE this round? (0-5)

--------------------------------------------------------------------------------

RESPONSE:
--------------------------------------------------------------------------------
{"send": 3}
--------------------------------------------------------------------------------

REASONING:
--------------------------------------------------------------------------------
[366 reasoning tokens used, but content not returned by API]
--------------------------------------------------------------------------------

USAGE:
--------------------------------------------------------------------------------
Input tokens: 822
Output tokens: 372
Reasoning tokens: 366
--------------------------------------------------------------------------------


================================================================================
TIMESTAMP: 2026-02-09 17:48:14
AGENT: Agent_2
MODEL: x-ai/grok-4.1-fast
================================================================================

PROMPT:
--------------------------------------------------------------------------------
Round 11

You are the TRUSTEE this round. Last round you were the INVESTOR. The other player sent $3.0,
that was 60.0% of its total endowment. You received $9.0.
The other player returned $4.5. So your payoff was 6.5.
Your total earnings accross all rounds are $55.0.
How much do you return to the INVESTOR this round? (0-9.0)

--------------------------------------------------------------------------------

RESPONSE:
--------------------------------------------------------------------------------
{"return": 4.5}
--------------------------------------------------------------------------------

REASONING:
--------------------------------------------------------------------------------
[848 reasoning tokens used, but content not returned by API]
--------------------------------------------------------------------------------

USAGE:
--------------------------------------------------------------------------------
Input tokens: 824
Output tokens: 856
Reasoning tokens: 848
--------------------------------------------------------------------------------


================================================================================
TIMESTAMP: 2026-02-09 17:48:24
AGENT: Agent_2
MODEL: x-ai/grok-4.1-fast
================================================================================

PROMPT:
--------------------------------------------------------------------------------
Round 12

You are the INVESTOR this round. Last round you were the TRUSTEE. The other player sent $3.0,
that was 60.0% of its total endowment. You received $9.0.
You returned $4.5. So your payoff was 4.5.
Your total earnings accross all rounds are $59.5.
How much do you send to the TRUSTEE this round? (0-5)

--------------------------------------------------------------------------------

RESPONSE:
--------------------------------------------------------------------------------
{"send": 3.0}
--------------------------------------------------------------------------------

REASONING:
--------------------------------------------------------------------------------
[1066 reasoning tokens used, but content not returned by API]
--------------------------------------------------------------------------------

USAGE:
--------------------------------------------------------------------------------
Input tokens: 824
Output tokens: 1074
Reasoning tokens: 1066
--------------------------------------------------------------------------------


================================================================================
TIMESTAMP: 2026-02-09 17:48:29
AGENT: Agent_1
MODEL: x-ai/grok-4.1-fast
================================================================================

PROMPT:
--------------------------------------------------------------------------------
Round 12

You are the TRUSTEE this round. Last round you were the INVESTOR. The other player sent $3.0,
that was 60.0% of its total endowment. You received $9.0.
The other player returned $4.5. So your payoff was 6.5.
Your total earnings accross all rounds are $61.5.
How much do you return to the INVESTOR this round? (0-9.0)

--------------------------------------------------------------------------------

RESPONSE:
--------------------------------------------------------------------------------
{"return": 4.5}
--------------------------------------------------------------------------------

REASONING:
--------------------------------------------------------------------------------
[414 reasoning tokens used, but content not returned by API]
--------------------------------------------------------------------------------

USAGE:
--------------------------------------------------------------------------------
Input tokens: 820
Output tokens: 422
Reasoning tokens: 414
--------------------------------------------------------------------------------


================================================================================
TIMESTAMP: 2026-02-09 17:48:38
AGENT: Agent_1
MODEL: x-ai/grok-4.1-fast
================================================================================

PROMPT:
--------------------------------------------------------------------------------
Round 13

You are the INVESTOR this round. Last round you were the TRUSTEE. The other player sent $3.0,
that was 60.0% of its total endowment. You received $9.0.
You returned $4.5. So your payoff was 4.5.
Your total earnings accross all rounds are $66.0.
How much do you send to the TRUSTEE this round? (0-5)

--------------------------------------------------------------------------------

RESPONSE:
--------------------------------------------------------------------------------
{"send": 3}
--------------------------------------------------------------------------------

REASONING:
--------------------------------------------------------------------------------
[840 reasoning tokens used, but content not returned by API]
--------------------------------------------------------------------------------

USAGE:
--------------------------------------------------------------------------------
Input tokens: 822
Output tokens: 846
Reasoning tokens: 840
--------------------------------------------------------------------------------


================================================================================
TIMESTAMP: 2026-02-09 17:48:43
AGENT: Agent_2
MODEL: x-ai/grok-4.1-fast
================================================================================

PROMPT:
--------------------------------------------------------------------------------
Round 13

You are the TRUSTEE this round. Last round you were the INVESTOR. The other player sent $3.0,
that was 60.0% of its total endowment. You received $9.0.
The other player returned $4.5. So your payoff was 6.5.
Your total earnings accross all rounds are $66.0.
How much do you return to the INVESTOR this round? (0-9.0)

--------------------------------------------------------------------------------

RESPONSE:
--------------------------------------------------------------------------------
{"return": 4.5}
--------------------------------------------------------------------------------

REASONING:
--------------------------------------------------------------------------------
[488 reasoning tokens used, but content not returned by API]
--------------------------------------------------------------------------------

USAGE:
--------------------------------------------------------------------------------
Input tokens: 824
Output tokens: 496
Reasoning tokens: 488
--------------------------------------------------------------------------------


================================================================================
TIMESTAMP: 2026-02-09 17:48:48
AGENT: Agent_2
MODEL: x-ai/grok-4.1-fast
================================================================================

PROMPT:
--------------------------------------------------------------------------------
Round 14

You are the INVESTOR this round. Last round you were the TRUSTEE. The other player sent $3.0,
that was 60.0% of its total endowment. You received $9.0.
You returned $4.5. So your payoff was 4.5.
Your total earnings accross all rounds are $70.5.
How much do you send to the TRUSTEE this round? (0-5)

--------------------------------------------------------------------------------

RESPONSE:
--------------------------------------------------------------------------------
{"send": 3.0}
--------------------------------------------------------------------------------

REASONING:
--------------------------------------------------------------------------------
[518 reasoning tokens used, but content not returned by API]
--------------------------------------------------------------------------------

USAGE:
--------------------------------------------------------------------------------
Input tokens: 824
Output tokens: 526
Reasoning tokens: 518
--------------------------------------------------------------------------------


================================================================================
TIMESTAMP: 2026-02-09 17:48:54
AGENT: Agent_1
MODEL: x-ai/grok-4.1-fast
================================================================================

PROMPT:
--------------------------------------------------------------------------------
Round 14

You are the TRUSTEE this round. Last round you were the INVESTOR. The other player sent $3.0,
that was 60.0% of its total endowment. You received $9.0.
The other player returned $4.5. So your payoff was 6.5.
Your total earnings accross all rounds are $72.5.
How much do you return to the INVESTOR this round? (0-9.0)

--------------------------------------------------------------------------------

RESPONSE:
--------------------------------------------------------------------------------
{"return": 4.5}
--------------------------------------------------------------------------------

REASONING:
--------------------------------------------------------------------------------
[543 reasoning tokens used, but content not returned by API]
--------------------------------------------------------------------------------

USAGE:
--------------------------------------------------------------------------------
Input tokens: 820
Output tokens: 551
Reasoning tokens: 543
--------------------------------------------------------------------------------


================================================================================
TIMESTAMP: 2026-02-09 17:49:04
AGENT: Agent_1
MODEL: x-ai/grok-4.1-fast
================================================================================

PROMPT:
--------------------------------------------------------------------------------
Round 15

You are the INVESTOR this round. Last round you were the TRUSTEE. The other player sent $3.0,
that was 60.0% of its total endowment. You received $9.0.
You returned $4.5. So your payoff was 4.5.
Your total earnings accross all rounds are $77.0.
How much do you send to the TRUSTEE this round? (0-5)

--------------------------------------------------------------------------------

RESPONSE:
--------------------------------------------------------------------------------
{"send": 3}
--------------------------------------------------------------------------------

REASONING:
--------------------------------------------------------------------------------
[1006 reasoning tokens used, but content not returned by API]
--------------------------------------------------------------------------------

USAGE:
--------------------------------------------------------------------------------
Input tokens: 822
Output tokens: 1012
Reasoning tokens: 1006
--------------------------------------------------------------------------------


================================================================================
TIMESTAMP: 2026-02-09 17:49:07
AGENT: Agent_2
MODEL: x-ai/grok-4.1-fast
================================================================================

PROMPT:
--------------------------------------------------------------------------------
Round 15

You are the TRUSTEE this round. Last round you were the INVESTOR. The other player sent $3.0,
that was 60.0% of its total endowment. You received $9.0.
The other player returned $4.5. So your payoff was 6.5.
Your total earnings accross all rounds are $77.0.
How much do you return to the INVESTOR this round? (0-9.0)

--------------------------------------------------------------------------------

RESPONSE:
--------------------------------------------------------------------------------
{"return": 4.5}
--------------------------------------------------------------------------------

REASONING:
--------------------------------------------------------------------------------
[319 reasoning tokens used, but content not returned by API]
--------------------------------------------------------------------------------

USAGE:
--------------------------------------------------------------------------------
Input tokens: 824
Output tokens: 327
Reasoning tokens: 319
--------------------------------------------------------------------------------

